2021-10-31 21:16:13  [Base] (main:) in Before method
2021-10-31 21:17:42  [TC1] (main:) Login Successful
2021-10-31 21:33:55  [Base] (main:) in Before method
2021-10-31 21:35:24  [TC1] (main:) Login Successful
2021-10-31 21:35:28  [TC1] (main:) TC1_Passed
2021-11-16 23:04:46  [Base] (main:) in Before method
2021-11-16 23:06:15  [TC1] (main:) Login Successful
2021-11-16 23:06:19  [TC1] (main:) TC1_Passed
2021-11-16 23:08:37  [Base] (main:) in Before method
2021-11-17 00:57:43  [Base] (main:) in Before method
2021-11-17 00:59:12  [TC1] (main:) Login Successful
2021-11-17 00:59:16  [TC1] (main:) TC1_Passed
2021-12-04 00:41:43  [Base] (main:) in Before method
2021-12-04 00:41:51  [Base] (main:) in Before method
2021-12-04 00:41:59  [Base] (main:) in Before method
2021-12-04 00:42:07  [Base] (main:) in Before method
2021-12-04 00:42:47  [Base] (main:) in Before method
2021-12-04 00:49:19  [Base] (main:) in Before method
2021-12-04 00:49:29  [Base] (main:) in Before method
2021-12-04 00:49:38  [Base] (main:) in Before method
2021-12-04 00:49:45  [Base] (main:) in Before method
2021-12-04 00:49:52  [Base] (main:) in Before method
2021-12-04 00:50:03  [Base] (main:) in Before method
2021-12-04 00:53:01  [Base] (main:) in Before method
2021-12-04 00:53:09  [Base] (main:) in Before method
2021-12-04 00:53:25  [Base] (main:) in Before method
2021-12-04 00:58:28  [Base] (main:) in Before method
2021-12-04 00:58:42  [Base] (main:) in Before method
2021-12-04 00:58:54  [Base] (main:) in Before method
2021-12-04 00:59:07  [Base] (main:) in Before method
2021-12-07 14:49:34  [Base] (main:) in Before method
2021-12-09 21:17:06  [Base] (main:) in Before method
2021-12-11 23:30:12  [Base] (main:) in Before method
2021-12-11 23:30:21  [Base] (main:) in Before method
2021-12-11 23:32:14  [Base] (main:) in Before method
2021-12-11 23:34:05  [Base] (main:) in Before method
2021-12-11 23:35:55  [Base] (main:) in Before method
2021-12-11 23:37:37  [Base] (main:) in Before method
2021-12-11 23:38:57  [Base] (main:) in Before method
2021-12-11 23:40:51  [Base] (main:) in Before method
2021-12-11 23:51:23  [Base] (main:) in Before method
2021-12-12 00:18:21  [Base] (main:) in Before method
2021-12-12 00:36:25  [Base] (main:) in Before method
2021-12-12 00:46:56  [Base] (main:) in Before method
2021-12-12 00:46:59  [TC1] (main:) Login Successful
2021-12-12 00:47:04  [TC1] (main:) TC1_Passed
2021-12-12 01:10:25  [Base] (main:) in Before method
2021-12-12 01:10:28  [TC1] (main:) Login Successful
2021-12-12 01:10:33  [TC1] (main:) TC1_Passed
2021-12-12 01:17:15  [Base] (main:) in Before method
2021-12-12 01:17:19  [TC1] (main:) Login Successful
2021-12-12 01:17:23  [TC1] (main:) TC1_Passed
2021-12-12 01:31:18  [Base] (main:) in Before method
2021-12-13 00:28:58  [Base] (main:) in Before method
2021-12-13 00:29:07  [Base] (main:) in Before method
2021-12-13 00:29:14  [Base] (main:) in Before method
2021-12-13 01:01:16  [Base] (main:) in Before method
2021-12-13 20:26:58  [Base] (main:) in Before method
2021-12-13 20:27:02  [TC1] (main:) Login Successful
2021-12-13 20:28:31  [Base] (main:) in Before method
2021-12-13 20:28:34  [TC1] (main:) Login Successful
2021-12-13 20:37:10  [Base] (main:) in Before method
2021-12-13 20:37:13  [TC1] (main:) Login Successful
2021-12-13 20:37:19  [TC1] (main:) TC1_Passed
2021-12-13 20:37:25  [Base] (main:) in Before method
2021-12-13 20:37:43  [Base] (main:) in Before method
2021-12-13 20:45:24  [Base] (main:) in Before method
2021-12-13 21:24:58  [Base] (org.testing.Trigger.Runner.main():) in Before method
2021-12-13 21:25:01  [TC1] (org.testing.Trigger.Runner.main():) Login Successful
2021-12-13 21:25:07  [TC1] (org.testing.Trigger.Runner.main():) TC1_Passed
2021-12-13 21:25:14  [Base] (org.testing.Trigger.Runner.main():) in Before method
2021-12-13 21:25:29  [Base] (org.testing.Trigger.Runner.main():) in Before method
2021-12-13 21:47:06  [Base] (org.testing.Trigger.Runner.main():) in Before method
2021-12-13 21:47:09  [TC1] (org.testing.Trigger.Runner.main():) Login Successful
2021-12-13 21:47:14  [TC1] (org.testing.Trigger.Runner.main():) TC1_Passed
2021-12-13 23:00:27  [Base] (org.testing.Trigger.Runner.main():) in Before method
2021-12-18 14:36:52  [Base] (main:) in Before method
2021-12-18 14:40:05  [Base] (main:) in Before method
2021-12-18 22:26:44  [Base] (main:) in Before method
2021-12-19 00:49:05  [Base] (main:) in Before method
2021-12-19 00:49:27  [Base] (main:) in Before method
2021-12-19 00:49:30  [TC1] (main:) Login Successful
2021-12-19 00:49:35  [TC1] (main:) TC1_Passed
2021-12-19 00:50:10  [Base] (main:) in Before method
2021-12-19 00:50:13  [TC1] (main:) Login Successful
2021-12-19 00:50:18  [TC1] (main:) TC1_Passed
2021-12-19 01:08:21  [Base] (main:) in Before method
2021-12-19 01:08:24  [TC1] (main:) Login Successful
2021-12-19 01:08:30  [TC1] (main:) TC1_Passed
2021-12-19 01:26:52  [Base] (org.testing.Trigger.Runner.main():) in Before method
2021-12-19 01:26:55  [TC1] (org.testing.Trigger.Runner.main():) Login Successful
2021-12-19 01:27:01  [TC1] (org.testing.Trigger.Runner.main():) TC1_Passed
2021-12-19 01:28:05  [Base] (org.testing.Trigger.Runner.main():) in Before method
2021-12-19 01:28:22  [Base] (org.testing.Trigger.Runner.main():) in Before method
2021-12-19 01:28:37  [Base] (org.testing.Trigger.Runner.main():) in Before method
2021-12-19 01:28:52  [Base] (org.testing.Trigger.Runner.main():) in Before method
2021-12-19 01:30:06  [Base] (org.testing.Trigger.Runner.main():) in Before method
2021-12-19 01:31:26  [Base] (org.testing.Trigger.Runner.main():) in Before method
2021-12-19 01:31:43  [Base] (org.testing.Trigger.Runner.main():) in Before method
2021-12-20 02:24:49  [Base] (main:) in Before method
2021-12-20 02:25:38  [Base] (main:) in Before method
2021-12-20 02:25:43  [TC1] (main:) Login Successful
2021-12-20 02:25:48  [TC1] (main:) TC1_Passed
2021-12-24 20:49:15  [Base] (main:) in Before method
